<?xml version="1.0" encoding="UTF-8"?>
<testng-results skipped="0" failed="0" total="1" passed="1">
  <reporter-output>
  </reporter-output>
  <suite name="Suite" duration-ms="3879" started-at="2021-12-16T06:56:19Z" finished-at="2021-12-16T06:56:23Z">
    <groups>
    </groups>
    <test name="Test" duration-ms="3879" started-at="2021-12-16T06:56:19Z" finished-at="2021-12-16T06:56:23Z">
      <class name="git_pack.Git_repo_test1">
        <test-method status="PASS" signature="test_method()[pri:0, instance:git_pack.Git_repo_test1@6f7fd0e6]" name="test_method" duration-ms="3870" started-at="2021-12-16T01:56:19Z" finished-at="2021-12-16T01:56:23Z">
          <reporter-output>
          </reporter-output>
        </test-method> <!-- test_method -->
      </class> <!-- git_pack.Git_repo_test1 -->
    </test> <!-- Test -->
  </suite> <!-- Suite -->
</testng-results>
